{"name": "test_03_text", "status": "failed", "statusDetails": {"message": "AssertionError: assert 2 == 3", "trace": "self = <test_case.test_go_login.TestLogin object at 0x000001B91A381760>\n\n    def test_03_text(self):\n        print('开始执行测试用例03')\n>       assert 2 == 3\nE       assert 2 == 3\n\ntest_case\\test_go_login.py:38: AssertionError"}, "start": 1653370822311, "stop": 1653370822312, "uuid": "faea6326-0cf7-4440-b3a8-ee46eada948d", "historyId": "3c45bf7d4ff1745a32419dc625fcb8b6", "testCaseId": "6ac8c21c7575a69c2738dd80e71d52a6", "fullName": "test_case.test_go_login.TestLogin#test_03_text", "labels": [{"name": "tag", "value": "flaky(reruns=5, reruns_delay=1)"}, {"name": "parentSuite", "value": "test_case"}, {"name": "suite", "value": "test_go_login"}, {"name": "subSuite", "value": "TestLogin"}, {"name": "host", "value": "LAPTOP-EF43S6R7"}, {"name": "thread", "value": "14236-MainThread"}, {"name": "framework", "value": "pytest"}, {"name": "language", "value": "cpython3"}, {"name": "package", "value": "test_case.test_go_login"}]}